<?xml version="1.0" encoding="UTF-8" ?>
<testsuite tests="23" failures="0" name="InsertControllerTest" time="0.115" errors="0" skipped="0">
  <properties>
    <property name="idea.version" value="2021.3.3"/>
    <property name="java.runtime.name" value="OpenJDK Runtime Environment"/>
    <property name="java.vm.version" value="11.0.15+10-Ubuntu-0ubuntu0.21.10.1"/>
    <property name="sun.boot.library.path" value="/usr/lib/jvm/java-11-openjdk-amd64/lib"/>
    <property name="maven.multiModuleProjectDirectory" value="/home/alessio/Scrivania/SesonalWorkApp/SesonalWorkApp"/>
    <property name="java.vm.vendor" value="Private Build"/>
    <property name="java.vendor.url" value="Unknown"/>
    <property name="guice.disable.misplaced.annotation.check" value="true"/>
    <property name="path.separator" value=":"/>
    <property name="java.vm.name" value="OpenJDK 64-Bit Server VM"/>
    <property name="sun.os.patch.level" value="unknown"/>
    <property name="user.country" value="IT"/>
    <property name="sun.java.launcher" value="SUN_STANDARD"/>
    <property name="java.vm.specification.name" value="Java Virtual Machine Specification"/>
    <property name="user.dir" value="/home/alessio/Scrivania/SesonalWorkApp/SesonalWorkApp"/>
    <property name="java.vm.compressedOopsMode" value="32-bit"/>
    <property name="java.runtime.version" value="11.0.15+10-Ubuntu-0ubuntu0.21.10.1"/>
    <property name="java.awt.graphicsenv" value="sun.awt.X11GraphicsEnvironment"/>
    <property name="os.arch" value="amd64"/>
    <property name="java.io.tmpdir" value="/tmp"/>
    <property name="line.separator" value="
"/>
    <property name="java.vm.specification.vendor" value="Oracle Corporation"/>
    <property name="os.name" value="Linux"/>
    <property name="maven.ext.class.path" value="/home/alessio/.local/share/JetBrains/Toolbox/apps/IDEA-U/ch-0/213.7172.25/plugins/maven/lib/maven-event-listener.jar"/>
    <property name="classworlds.conf" value="/home/alessio/.local/share/JetBrains/Toolbox/apps/IDEA-U/ch-0/213.7172.25/plugins/maven/lib/maven3/bin/m2.conf"/>
    <property name="sun.jnu.encoding" value="UTF-8"/>
    <property name="java.library.path" value="/usr/java/packages/lib:/usr/lib/x86_64-linux-gnu/jni:/lib/x86_64-linux-gnu:/usr/lib/x86_64-linux-gnu:/usr/lib/jni:/lib:/usr/lib"/>
    <property name="maven.conf" value="/home/alessio/.local/share/JetBrains/Toolbox/apps/IDEA-U/ch-0/213.7172.25/plugins/maven/lib/maven3/conf"/>
    <property name="jdk.debug" value="release"/>
    <property name="java.class.version" value="55.0"/>
    <property name="java.specification.name" value="Java Platform API Specification"/>
    <property name="sun.management.compiler" value="HotSpot 64-Bit Tiered Compilers"/>
    <property name="os.version" value="5.13.0-52-generic"/>
    <property name="user.home" value="/home/alessio"/>
    <property name="user.timezone" value="Europe/Rome"/>
    <property name="java.awt.printerjob" value="sun.print.PSPrinterJob"/>
    <property name="file.encoding" value="UTF-8"/>
    <property name="java.specification.version" value="11"/>
    <property name="user.name" value="alessio"/>
    <property name="java.class.path" value="/home/alessio/.local/share/JetBrains/Toolbox/apps/IDEA-U/ch-0/213.7172.25/plugins/maven/lib/maven3/boot/plexus-classworlds-2.6.0.jar:/home/alessio/.local/share/JetBrains/Toolbox/apps/IDEA-U/ch-0/213.7172.25/plugins/maven/lib/maven3/boot/plexus-classworlds.license"/>
    <property name="java.vm.specification.version" value="11"/>
    <property name="sun.arch.data.model" value="64"/>
    <property name="sun.java.command" value="org.codehaus.classworlds.Launcher -Didea.version=2021.3.3 test"/>
    <property name="java.home" value="/usr/lib/jvm/java-11-openjdk-amd64"/>
    <property name="user.language" value="it"/>
    <property name="java.specification.vendor" value="Oracle Corporation"/>
    <property name="awt.toolkit" value="sun.awt.X11.XToolkit"/>
    <property name="java.vm.info" value="mixed mode, sharing"/>
    <property name="java.version" value="11.0.15"/>
    <property name="securerandom.source" value="file:/dev/./urandom"/>
    <property name="java.vendor" value="Private Build"/>
    <property name="maven.home" value="/home/alessio/.local/share/JetBrains/Toolbox/apps/IDEA-U/ch-0/213.7172.25/plugins/maven/lib/maven3"/>
    <property name="file.separator" value="/"/>
    <property name="java.version.date" value="2022-04-19"/>
    <property name="java.vendor.url.bug" value="Unknown"/>
    <property name="sun.io.unicode.encoding" value="UnicodeLittle"/>
    <property name="sun.cpu.endian" value="little"/>
    <property name="sun.desktop" value="gnome"/>
    <property name="sun.cpu.isalist" value=""/>
  </properties>
  <testcase classname="InsertControllerTest" name="checkCellSpaceTest" time="0.047"/>
  <testcase classname="InsertControllerTest" name="checkNameSpaceTest" time="0"/>
  <testcase classname="InsertControllerTest" name="checkNameNumberTest" time="0"/>
  <testcase classname="InsertControllerTest" name="checkCellNumberTest" time="0"/>
  <testcase classname="InsertControllerTest" name="checkEmailNothingTest" time="0.002"/>
  <testcase classname="InsertControllerTest" name="checkEmailSpaceTest" time="0.001"/>
  <testcase classname="InsertControllerTest" name="checkEmailRegularTest" time="0.001"/>
  <testcase classname="InsertControllerTest" name="checkCellNothingTest" time="0.001"/>
  <testcase classname="InsertControllerTest" name="checkSurnameNothingTest" time="0.002"/>
  <testcase classname="InsertControllerTest" name="checkNameOtherExpTest" time="0.002"/>
  <testcase classname="InsertControllerTest" name="checkNameNothingTest" time="0.001"/>
  <testcase classname="InsertControllerTest" name="checkSurnameOtherExpTest" time="0.001"/>
  <testcase classname="InsertControllerTest" name="checkDateLegalTest" time="0.039"/>
  <testcase classname="InsertControllerTest" name="checkCellLengthTest" time="0.001"/>
  <testcase classname="InsertControllerTest" name="checkSurnameSpaceTest" time="0.002"/>
  <testcase classname="InsertControllerTest" name="checkCellOtherExpTest" time="0.002"/>
  <testcase classname="InsertControllerTest" name="checkEmailOtherExpTest" time="0.002"/>
  <testcase classname="InsertControllerTest" name="checkEmailNumberTest" time="0.002"/>
  <testcase classname="InsertControllerTest" name="checkSurnameNumberTest" time="0.002"/>
  <testcase classname="InsertControllerTest" name="checkEmailLiteralTest" time="0.002"/>
  <testcase classname="InsertControllerTest" name="checkCellLiteralTest" time="0.001"/>
  <testcase classname="InsertControllerTest" name="checkSurnameLiteralTest" time="0.002"/>
  <testcase classname="InsertControllerTest" name="checkNameLiteralTest" time="0.002"/>
</testsuite>